2016-04-14 20:32:47 DEBUG Modmanager_app:44 - Starting Modmanager
2016-04-14 20:32:47 ERROR ComponentFactory:52 - Could not read properties for language fr. Using default language en
java.lang.NullPointerException
	at java.util.Properties$LineReader.readLine(Unknown Source)
	at java.util.Properties.load0(Unknown Source)
	at java.util.Properties.load(Unknown Source)
	at com.components.ComponentFactory.loadPropertiesForLanguage(ComponentFactory.java:48)
	at com.components.ComponentFactory.changeLanguage(ComponentFactory.java:34)
	at com.modmanager.app.Modmanager_app.startup(Modmanager_app.java:60)
	at com.modmanager.app.Modmanager_app.main(Modmanager_app.java:36)
2016-04-14 20:32:50 DEBUG Modmanager_frm_presenter:113 - Loading profile new Skyrim profile
2016-04-14 20:32:50 ERROR AbstractBethesdaService:158 - Could not read installed mods from C:\Program Files (x86)\Steam\steamapps\common\Skyrim\Data
java.lang.NullPointerException
	at com.modmanager.backend.impl.AbstractBethesdaService.readInstalledMods(AbstractBethesdaService.java:143)
	at com.modmanager.backend.impl.AbstractBethesdaService.getInstalledMods(AbstractBethesdaService.java:49)
	at com.modmanager.presenter.modlist.Modlist_pnl_presenter.refresh(Modlist_pnl_presenter.java:118)
	at com.modmanager.presenter.main.Modmanager_frm_presenter.loadProfile(Modmanager_frm_presenter.java:146)
	at com.modmanager.presenter.main.Modmanager_frm_presenter.lambda$10(Modmanager_frm_presenter.java:67)
	at java.beans.PropertyChangeSupport.fire(Unknown Source)
	at java.beans.PropertyChangeSupport.firePropertyChange(Unknown Source)
	at java.beans.PropertyChangeSupport.firePropertyChange(Unknown Source)
	at com.components.AbstractPresenter.firePropertyChange_Refresh(AbstractPresenter.java:56)
	at com.modmanager.presenter.settings.Settings_pnl_presenter.lambda$0(Settings_pnl_presenter.java:61)
	at javax.swing.AbstractButton.fireActionPerformed(Unknown Source)
	at javax.swing.AbstractButton$Handler.actionPerformed(Unknown Source)
	at javax.swing.DefaultButtonModel.fireActionPerformed(Unknown Source)
	at javax.swing.DefaultButtonModel.setPressed(Unknown Source)
	at javax.swing.plaf.basic.BasicButtonListener.mouseReleased(Unknown Source)
	at java.awt.AWTEventMulticaster.mouseReleased(Unknown Source)
	at java.awt.Component.processMouseEvent(Unknown Source)
	at javax.swing.JComponent.processMouseEvent(Unknown Source)
	at java.awt.Component.processEvent(Unknown Source)
	at java.awt.Container.processEvent(Unknown Source)
	at java.awt.Component.dispatchEventImpl(Unknown Source)
	at java.awt.Container.dispatchEventImpl(Unknown Source)
	at java.awt.Component.dispatchEvent(Unknown Source)
	at java.awt.LightweightDispatcher.retargetMouseEvent(Unknown Source)
	at java.awt.LightweightDispatcher.processMouseEvent(Unknown Source)
	at java.awt.LightweightDispatcher.dispatchEvent(Unknown Source)
	at java.awt.Container.dispatchEventImpl(Unknown Source)
	at java.awt.Window.dispatchEventImpl(Unknown Source)
	at java.awt.Component.dispatchEvent(Unknown Source)
	at java.awt.EventQueue.dispatchEventImpl(Unknown Source)
	at java.awt.EventQueue.access$500(Unknown Source)
	at java.awt.EventQueue$3.run(Unknown Source)
	at java.awt.EventQueue$3.run(Unknown Source)
	at java.security.AccessController.doPrivileged(Native Method)
	at java.security.ProtectionDomain$JavaSecurityAccessImpl.doIntersectionPrivilege(Unknown Source)
	at java.security.ProtectionDomain$JavaSecurityAccessImpl.doIntersectionPrivilege(Unknown Source)
	at java.awt.EventQueue$4.run(Unknown Source)
	at java.awt.EventQueue$4.run(Unknown Source)
	at java.security.AccessController.doPrivileged(Native Method)
	at java.security.ProtectionDomain$JavaSecurityAccessImpl.doIntersectionPrivilege(Unknown Source)
	at java.awt.EventQueue.dispatchEvent(Unknown Source)
	at java.awt.EventDispatchThread.pumpOneEventForFilters(Unknown Source)
	at java.awt.EventDispatchThread.pumpEventsForFilter(Unknown Source)
	at java.awt.EventDispatchThread.pumpEventsForHierarchy(Unknown Source)
	at java.awt.EventDispatchThread.pumpEvents(Unknown Source)
	at java.awt.EventDispatchThread.pumpEvents(Unknown Source)
	at java.awt.EventDispatchThread.run(Unknown Source)
